build/app/intermediates/manifest_merge_blame_file/debug/manifest-merger-blame-debug-report.txt
1<?xml version="1.0" encoding="utf-8"?>
2<manifest xmlns:android="http://schemas.android.com/apk/res/android"
3    package="com.example.share_product_v2"
4    android:versionCode="1"
5    android:versionName="1.0.0" >
6
7    <uses-sdk
8        android:minSdkVersion="16"
9        android:targetSdkVersion="29" />
10    <!--
11         Flutter needs it to communicate with the running application
12         to allow setting breakpoints, to provide hot reload, etc.
13    -->
14    <uses-permission android:name="android.permission.INTERNET" />
14-->src/debug/AndroidManifest.xml:6:5-66
14-->src/debug/AndroidManifest.xml:6:22-64
15    <!--
16     io.flutter.app.FlutterApplication is an android.app.Application that
17         calls FlutterMain.startInitialization(this); in its onCreate method.
18         In most cases you can leave this as-is, but you if you want to provide
19         additional functionality it is fine to subclass or reimplement
20         FlutterApplication and put your custom class here.
21    -->
22    <uses-permission android:name="android.permission.WRITE_EXTERNAL_STORAGE" />
22-->src/main/AndroidManifest.xml:8:5-81
22-->src/main/AndroidManifest.xml:8:22-78
23    <uses-permission android:name="android.permission.READ_EXTERNAL_STORAGE" />
23-->src/main/AndroidManifest.xml:9:5-80
23-->src/main/AndroidManifest.xml:9:22-77
24    <uses-permission android:name="android.permission.CAMERA" />
24-->src/main/AndroidManifest.xml:10:5-65
24-->src/main/AndroidManifest.xml:10:22-62
25    <uses-permission android:name="android.permission.ACCESS_FINE_LOCATION" />
25-->src/main/AndroidManifest.xml:11:5-79
25-->src/main/AndroidManifest.xml:11:22-76
26    <uses-permission android:name="android.permission.ACCESS_COARSE_LOCATION" />
26-->src/main/AndroidManifest.xml:12:5-81
26-->src/main/AndroidManifest.xml:12:22-78
27    <uses-permission android:name="android.permission.ACCESS_NETWORK_STATE" />
27-->[com.google.firebase:firebase-auth:20.0.1] AndroidManifest.xml:24:5-79
27-->[com.google.firebase:firebase-auth:20.0.1] AndroidManifest.xml:24:22-76
28
29    <uses-feature
29-->[com.google.android.gms:play-services-maps:17.0.0] AndroidManifest.xml:26:5-28:35
30        android:glEsVersion="0x00020000"
30-->[com.google.android.gms:play-services-maps:17.0.0] AndroidManifest.xml:27:9-41
31        android:required="true" />
31-->[com.google.android.gms:play-services-maps:17.0.0] AndroidManifest.xml:28:9-32
32
33    <uses-permission android:name="android.permission.WAKE_LOCK" /> <!-- Required by older versions of Google Play services to create IID tokens -->
33-->[com.google.firebase:firebase-iid:21.0.0] AndroidManifest.xml:24:5-68
33-->[com.google.firebase:firebase-iid:21.0.0] AndroidManifest.xml:24:22-65
34    <uses-permission android:name="com.google.android.c2dm.permission.RECEIVE" />
34-->[com.google.firebase:firebase-iid:21.0.0] AndroidManifest.xml:26:5-82
34-->[com.google.firebase:firebase-iid:21.0.0] AndroidManifest.xml:26:22-79
35    <uses-permission android:name="com.google.android.finsky.permission.BIND_GET_INSTALL_REFERRER_SERVICE" />
35-->[com.google.android.gms:play-services-measurement:18.0.0] AndroidManifest.xml:26:5-110
35-->[com.google.android.gms:play-services-measurement:18.0.0] AndroidManifest.xml:26:22-107
36
37    <application
37-->src/main/AndroidManifest.xml:13:5-59:19
38        android:name="com.example.share_product_v2.Application"
38-->src/main/AndroidManifest.xml:14:9-36
39        android:appComponentFactory="androidx.core.app.CoreComponentFactory"
39-->[androidx.core:core:1.2.0] AndroidManifest.xml:24:18-86
40        android:debuggable="true"
41        android:icon="@mipmap/ic_launcher"
41-->src/main/AndroidManifest.xml:16:9-43
42        android:label="쌩유 베타버전" >
42-->src/main/AndroidManifest.xml:15:9-32
43
44        <!-- io.flutter.app.FlutterApplication 에서 Application으로 변경. 파이어베이스 오류남. -->
45        <meta-data
45-->src/main/AndroidManifest.xml:18:9-19:53
46            android:name="com.google.android.geo.API_KEY"
46-->src/main/AndroidManifest.xml:18:20-65
47            android:value="@string/google_app_key" />
47-->src/main/AndroidManifest.xml:19:13-51
48
49        <activity
49-->src/main/AndroidManifest.xml:20:9-52:20
50            android:name="com.example.share_product_v2.MainActivity"
50-->src/main/AndroidManifest.xml:21:13-41
51            android:configChanges="orientation|keyboardHidden|keyboard|screenSize|smallestScreenSize|locale|layoutDirection|fontScale|screenLayout|density|uiMode"
51-->src/main/AndroidManifest.xml:24:13-163
52            android:hardwareAccelerated="true"
52-->src/main/AndroidManifest.xml:25:13-47
53            android:launchMode="singleTop"
53-->src/main/AndroidManifest.xml:22:13-43
54            android:theme="@style/LaunchTheme"
54-->src/main/AndroidManifest.xml:23:13-47
55            android:windowSoftInputMode="adjustResize" >
55-->src/main/AndroidManifest.xml:26:13-55
56
57            <!--
58                 Specifies an Android theme to apply to this Activity as soon as
59                 the Android process has started. This theme is visible to the user
60                 while the Flutter UI initializes. After that, this theme continues
61                 to determine the Window background behind the Flutter UI.
62            -->
63            <meta-data
63-->src/main/AndroidManifest.xml:31:13-34:17
64                android:name="io.flutter.embedding.android.NormalTheme"
64-->src/main/AndroidManifest.xml:32:15-70
65                android:resource="@style/NormalTheme" />
65-->src/main/AndroidManifest.xml:33:15-52
66            <!--
67                 Displays an Android View that continues showing the launch screen
68                 Drawable until Flutter paints its first frame, then this splash
69                 screen fades out. A splash screen is useful to avoid any visual
70                 gap between the end of Android's launch screen and the painting of
71                 Flutter's first frame.
72            -->
73            <meta-data
73-->src/main/AndroidManifest.xml:40:13-43:17
74                android:name="io.flutter.embedding.android.SplashScreenDrawable"
74-->src/main/AndroidManifest.xml:41:15-79
75                android:resource="@drawable/launch_background" />
75-->src/main/AndroidManifest.xml:42:15-61
76
77            <intent-filter>
77-->src/main/AndroidManifest.xml:44:13-47:29
78                <action android:name="android.intent.action.MAIN" />
78-->src/main/AndroidManifest.xml:45:17-68
78-->src/main/AndroidManifest.xml:45:25-66
79
80                <category android:name="android.intent.category.LAUNCHER" />
80-->src/main/AndroidManifest.xml:46:17-76
80-->src/main/AndroidManifest.xml:46:27-74
81            </intent-filter>
82            <intent-filter>
82-->src/main/AndroidManifest.xml:48:13-51:29
83                <action android:name="FLUTTER_NOTIFICATION_CLICK" />
83-->src/main/AndroidManifest.xml:49:17-69
83-->src/main/AndroidManifest.xml:49:25-66
84
85                <category android:name="android.intent.category.DEFAULT" />
85-->src/main/AndroidManifest.xml:50:17-76
85-->src/main/AndroidManifest.xml:50:27-73
86            </intent-filter>
87        </activity>
88        <!--
89             Don't delete the meta-data below.
90             This is used by the Flutter tool to generate GeneratedPluginRegistrant.java
91        -->
92        <meta-data
92-->src/main/AndroidManifest.xml:55:9-57:33
93            android:name="flutterEmbedding"
93-->src/main/AndroidManifest.xml:56:13-44
94            android:value="2" />
94-->src/main/AndroidManifest.xml:57:13-30
95
96        <provider
96-->[:image_picker] AndroidManifest.xml:11:9-19:20
97            android:name="io.flutter.plugins.imagepicker.ImagePickerFileProvider"
97-->[:image_picker] AndroidManifest.xml:12:13-82
98            android:authorities="com.example.share_product_v2.flutter.image_provider"
98-->[:image_picker] AndroidManifest.xml:13:13-74
99            android:exported="false"
99-->[:image_picker] AndroidManifest.xml:14:13-37
100            android:grantUriPermissions="true" >
100-->[:image_picker] AndroidManifest.xml:15:13-47
101            <meta-data
101-->[:image_picker] AndroidManifest.xml:16:13-18:75
102                android:name="android.support.FILE_PROVIDER_PATHS"
102-->[:image_picker] AndroidManifest.xml:17:17-67
103                android:resource="@xml/flutter_image_picker_file_paths" />
103-->[:image_picker] AndroidManifest.xml:18:17-72
104        </provider>
105
106        <service
106-->[:firebase_auth] AndroidManifest.xml:8:9-12:19
107            android:name="com.google.firebase.components.ComponentDiscoveryService"
107-->[:firebase_auth] AndroidManifest.xml:8:18-89
108            android:directBootAware="true"
108-->[com.google.firebase:firebase-common:19.4.0] AndroidManifest.xml:35:13-43
109            android:exported="false" >
109-->[com.google.firebase:firebase-messaging:21.0.0] AndroidManifest.xml:38:13-37
110            <meta-data
110-->[:firebase_auth] AndroidManifest.xml:9:13-11:85
111                android:name="com.google.firebase.components:io.flutter.plugins.firebase.auth.FlutterFirebaseAuthRegistrar"
111-->[:firebase_auth] AndroidManifest.xml:10:17-124
112                android:value="com.google.firebase.components.ComponentRegistrar" />
112-->[:firebase_auth] AndroidManifest.xml:11:17-82
113            <meta-data
113-->[:firebase_messaging] AndroidManifest.xml:14:13-16:85
114                android:name="com.google.firebase.components:io.flutter.plugins.firebasemessaging.FlutterFirebaseAppRegistrar"
114-->[:firebase_messaging] AndroidManifest.xml:15:17-127
115                android:value="com.google.firebase.components.ComponentRegistrar" />
115-->[:firebase_messaging] AndroidManifest.xml:16:17-82
116            <meta-data
116-->[:firebase_core] AndroidManifest.xml:9:13-11:85
117                android:name="com.google.firebase.components:io.flutter.plugins.firebase.core.FlutterFirebaseCoreRegistrar"
117-->[:firebase_core] AndroidManifest.xml:10:17-124
118                android:value="com.google.firebase.components.ComponentRegistrar" />
118-->[:firebase_core] AndroidManifest.xml:11:17-82
119            <meta-data
119-->[com.google.firebase:firebase-messaging:21.0.0] AndroidManifest.xml:39:13-41:85
120                android:name="com.google.firebase.components:com.google.firebase.messaging.FirebaseMessagingRegistrar"
120-->[com.google.firebase:firebase-messaging:21.0.0] AndroidManifest.xml:40:17-119
121                android:value="com.google.firebase.components.ComponentRegistrar" />
121-->[com.google.firebase:firebase-messaging:21.0.0] AndroidManifest.xml:41:17-82
122            <meta-data
122-->[com.google.firebase:firebase-auth:20.0.1] AndroidManifest.xml:77:13-79:85
123                android:name="com.google.firebase.components:com.google.firebase.auth.FirebaseAuthRegistrar"
123-->[com.google.firebase:firebase-auth:20.0.1] AndroidManifest.xml:78:17-109
124                android:value="com.google.firebase.components.ComponentRegistrar" />
124-->[com.google.firebase:firebase-auth:20.0.1] AndroidManifest.xml:79:17-82
125            <meta-data
125-->[com.google.firebase:firebase-iid:21.0.0] AndroidManifest.xml:32:13-34:85
126                android:name="com.google.firebase.components:com.google.firebase.iid.Registrar"
126-->[com.google.firebase:firebase-iid:21.0.0] AndroidManifest.xml:33:17-96
127                android:value="com.google.firebase.components.ComponentRegistrar" />
127-->[com.google.firebase:firebase-iid:21.0.0] AndroidManifest.xml:34:17-82
128            <meta-data
128-->[com.google.android.gms:play-services-measurement-api:18.0.0] AndroidManifest.xml:30:13-32:85
129                android:name="com.google.firebase.components:com.google.firebase.analytics.connector.internal.AnalyticsConnectorRegistrar"
129-->[com.google.android.gms:play-services-measurement-api:18.0.0] AndroidManifest.xml:31:17-139
130                android:value="com.google.firebase.components.ComponentRegistrar" />
130-->[com.google.android.gms:play-services-measurement-api:18.0.0] AndroidManifest.xml:32:17-82
131            <meta-data
131-->[com.google.firebase:firebase-datatransport:17.0.3] AndroidManifest.xml:28:13-30:85
132                android:name="com.google.firebase.components:com.google.firebase.datatransport.TransportRegistrar"
132-->[com.google.firebase:firebase-datatransport:17.0.3] AndroidManifest.xml:29:17-115
133                android:value="com.google.firebase.components.ComponentRegistrar" />
133-->[com.google.firebase:firebase-datatransport:17.0.3] AndroidManifest.xml:30:17-82
134            <meta-data
134-->[com.google.firebase:firebase-installations:16.3.4] AndroidManifest.xml:18:13-20:85
135                android:name="com.google.firebase.components:com.google.firebase.installations.FirebaseInstallationsRegistrar"
135-->[com.google.firebase:firebase-installations:16.3.4] AndroidManifest.xml:19:17-127
136                android:value="com.google.firebase.components.ComponentRegistrar" />
136-->[com.google.firebase:firebase-installations:16.3.4] AndroidManifest.xml:20:17-82
137        </service>
138        <service android:name="io.flutter.plugins.firebasemessaging.FlutterFirebaseMessagingService" >
138-->[:firebase_messaging] AndroidManifest.xml:8:9-12:19
138-->[:firebase_messaging] AndroidManifest.xml:8:18-101
139            <intent-filter>
139-->[:firebase_messaging] AndroidManifest.xml:9:13-11:29
140                <action android:name="com.google.firebase.MESSAGING_EVENT" />
140-->[:firebase_messaging] AndroidManifest.xml:10:17-78
140-->[:firebase_messaging] AndroidManifest.xml:10:25-75
141            </intent-filter>
142        </service>
143
144        <activity
144-->[:url_launcher] AndroidManifest.xml:8:9-11:74
145            android:name="io.flutter.plugins.urllauncher.WebViewActivity"
145-->[:url_launcher] AndroidManifest.xml:9:13-74
146            android:exported="false"
146-->[:url_launcher] AndroidManifest.xml:10:13-37
147            android:theme="@android:style/Theme.NoTitleBar.Fullscreen" />
147-->[:url_launcher] AndroidManifest.xml:11:13-71
148
149        <provider
149-->[com.sangcomz:FishBun:0.11.2] AndroidManifest.xml:12:9-20:20
150            android:name="com.sangcomz.fishbun.FishBunFileProvider"
150-->[com.sangcomz:FishBun:0.11.2] AndroidManifest.xml:13:13-68
151            android:authorities="com.example.share_product_v2.fishbunfileprovider"
151-->[com.sangcomz:FishBun:0.11.2] AndroidManifest.xml:14:13-71
152            android:exported="false"
152-->[com.sangcomz:FishBun:0.11.2] AndroidManifest.xml:15:13-37
153            android:grantUriPermissions="true" >
153-->[com.sangcomz:FishBun:0.11.2] AndroidManifest.xml:16:13-47
154            <meta-data
154-->[:image_picker] AndroidManifest.xml:16:13-18:75
155                android:name="android.support.FILE_PROVIDER_PATHS"
155-->[:image_picker] AndroidManifest.xml:17:17-67
156                android:resource="@xml/provider_paths" />
156-->[:image_picker] AndroidManifest.xml:18:17-72
157        </provider>
158
159        <activity
159-->[com.sangcomz:FishBun:0.11.2] AndroidManifest.xml:22:9-25:51
160            android:name="com.sangcomz.fishbun.ui.album.AlbumActivity"
160-->[com.sangcomz:FishBun:0.11.2] AndroidManifest.xml:23:13-71
161            android:label="@string/album"
161-->[com.sangcomz:FishBun:0.11.2] AndroidManifest.xml:24:13-42
162            android:theme="@style/FishBunTheme" />
162-->[com.sangcomz:FishBun:0.11.2] AndroidManifest.xml:25:13-48
163        <activity
163-->[com.sangcomz:FishBun:0.11.2] AndroidManifest.xml:26:9-28:51
164            android:name="com.sangcomz.fishbun.ui.picker.PickerActivity"
164-->[com.sangcomz:FishBun:0.11.2] AndroidManifest.xml:27:13-73
165            android:theme="@style/FishBunTheme" />
165-->[com.sangcomz:FishBun:0.11.2] AndroidManifest.xml:28:13-48
166        <activity
166-->[com.sangcomz:FishBun:0.11.2] AndroidManifest.xml:29:9-31:54
167            android:name="com.sangcomz.fishbun.ui.detail.DetailActivity"
167-->[com.sangcomz:FishBun:0.11.2] AndroidManifest.xml:30:13-73
168            android:theme="@style/DetailViewTheme" />
168-->[com.sangcomz:FishBun:0.11.2] AndroidManifest.xml:31:13-51
169        <!--
170             FirebaseMessagingService performs security checks at runtime,
171             but set to not exported to explicitly avoid allowing another app to call it.
172        -->
173        <service
173-->[com.google.firebase:firebase-messaging:21.0.0] AndroidManifest.xml:28:9-35:19
174            android:name="com.google.firebase.messaging.FirebaseMessagingService"
174-->[com.google.firebase:firebase-messaging:21.0.0] AndroidManifest.xml:29:13-82
175            android:directBootAware="true"
175-->[com.google.firebase:firebase-messaging:21.0.0] AndroidManifest.xml:30:13-43
176            android:exported="false" >
176-->[com.google.firebase:firebase-messaging:21.0.0] AndroidManifest.xml:31:13-37
177            <intent-filter android:priority="-500" >
177-->[:firebase_messaging] AndroidManifest.xml:9:13-11:29
178                <action android:name="com.google.firebase.MESSAGING_EVENT" />
178-->[:firebase_messaging] AndroidManifest.xml:10:17-78
178-->[:firebase_messaging] AndroidManifest.xml:10:25-75
179            </intent-filter>
180        </service>
181
182        <activity
182-->[com.google.firebase:firebase-auth:20.0.1] AndroidManifest.xml:27:9-44:20
183            android:name="com.google.firebase.auth.internal.GenericIdpActivity"
183-->[com.google.firebase:firebase-auth:20.0.1] AndroidManifest.xml:28:13-80
184            android:excludeFromRecents="true"
184-->[com.google.firebase:firebase-auth:20.0.1] AndroidManifest.xml:29:13-46
185            android:exported="true"
185-->[com.google.firebase:firebase-auth:20.0.1] AndroidManifest.xml:30:13-36
186            android:launchMode="singleTask"
186-->[com.google.firebase:firebase-auth:20.0.1] AndroidManifest.xml:31:13-44
187            android:theme="@android:style/Theme.Translucent.NoTitleBar" >
187-->[com.google.firebase:firebase-auth:20.0.1] AndroidManifest.xml:32:13-72
188            <intent-filter>
188-->[com.google.firebase:firebase-auth:20.0.1] AndroidManifest.xml:33:13-43:29
189                <action android:name="android.intent.action.VIEW" />
189-->[com.google.firebase:firebase-auth:20.0.1] AndroidManifest.xml:34:17-69
189-->[com.google.firebase:firebase-auth:20.0.1] AndroidManifest.xml:34:25-66
190
191                <category android:name="android.intent.category.DEFAULT" />
191-->src/main/AndroidManifest.xml:50:17-76
191-->src/main/AndroidManifest.xml:50:27-73
192                <category android:name="android.intent.category.BROWSABLE" />
192-->[com.google.firebase:firebase-auth:20.0.1] AndroidManifest.xml:37:17-78
192-->[com.google.firebase:firebase-auth:20.0.1] AndroidManifest.xml:37:27-75
193
194                <data
194-->[com.google.firebase:firebase-auth:20.0.1] AndroidManifest.xml:39:17-42:51
195                    android:host="firebase.auth"
195-->[com.google.firebase:firebase-auth:20.0.1] AndroidManifest.xml:40:21-49
196                    android:path="/"
196-->[com.google.firebase:firebase-auth:20.0.1] AndroidManifest.xml:41:21-37
197                    android:scheme="genericidp" />
197-->[com.google.firebase:firebase-auth:20.0.1] AndroidManifest.xml:42:21-48
198            </intent-filter>
199        </activity>
200        <activity
200-->[com.google.firebase:firebase-auth:20.0.1] AndroidManifest.xml:45:9-62:20
201            android:name="com.google.firebase.auth.internal.RecaptchaActivity"
201-->[com.google.firebase:firebase-auth:20.0.1] AndroidManifest.xml:46:13-79
202            android:excludeFromRecents="true"
202-->[com.google.firebase:firebase-auth:20.0.1] AndroidManifest.xml:47:13-46
203            android:exported="true"
203-->[com.google.firebase:firebase-auth:20.0.1] AndroidManifest.xml:48:13-36
204            android:launchMode="singleTask"
204-->[com.google.firebase:firebase-auth:20.0.1] AndroidManifest.xml:49:13-44
205            android:theme="@android:style/Theme.Translucent.NoTitleBar" >
205-->[com.google.firebase:firebase-auth:20.0.1] AndroidManifest.xml:50:13-72
206            <intent-filter>
206-->[com.google.firebase:firebase-auth:20.0.1] AndroidManifest.xml:51:13-61:29
207                <action android:name="android.intent.action.VIEW" />
207-->[com.google.firebase:firebase-auth:20.0.1] AndroidManifest.xml:34:17-69
207-->[com.google.firebase:firebase-auth:20.0.1] AndroidManifest.xml:34:25-66
208
209                <category android:name="android.intent.category.DEFAULT" />
209-->src/main/AndroidManifest.xml:50:17-76
209-->src/main/AndroidManifest.xml:50:27-73
210                <category android:name="android.intent.category.BROWSABLE" />
210-->[com.google.firebase:firebase-auth:20.0.1] AndroidManifest.xml:37:17-78
210-->[com.google.firebase:firebase-auth:20.0.1] AndroidManifest.xml:37:27-75
211
212                <data
212-->[com.google.firebase:firebase-auth:20.0.1] AndroidManifest.xml:39:17-42:51
213                    android:host="firebase.auth"
213-->[com.google.firebase:firebase-auth:20.0.1] AndroidManifest.xml:40:21-49
214                    android:path="/"
214-->[com.google.firebase:firebase-auth:20.0.1] AndroidManifest.xml:41:21-37
215                    android:scheme="recaptcha" />
215-->[com.google.firebase:firebase-auth:20.0.1] AndroidManifest.xml:42:21-48
216            </intent-filter>
217        </activity>
218
219        <service
219-->[com.google.firebase:firebase-auth:20.0.1] AndroidManifest.xml:64:9-73:19
220            android:name="com.google.firebase.auth.api.fallback.service.FirebaseAuthFallbackService"
220-->[com.google.firebase:firebase-auth:20.0.1] AndroidManifest.xml:65:13-101
221            android:enabled="true"
221-->[com.google.firebase:firebase-auth:20.0.1] AndroidManifest.xml:66:13-35
222            android:exported="false" >
222-->[com.google.firebase:firebase-auth:20.0.1] AndroidManifest.xml:67:13-37
223            <intent-filter>
223-->[com.google.firebase:firebase-auth:20.0.1] AndroidManifest.xml:68:13-72:29
224                <action android:name="com.google.firebase.auth.api.gms.service.START" />
224-->[com.google.firebase:firebase-auth:20.0.1] AndroidManifest.xml:69:17-89
224-->[com.google.firebase:firebase-auth:20.0.1] AndroidManifest.xml:69:25-86
225
226                <category android:name="android.intent.category.DEFAULT" />
226-->src/main/AndroidManifest.xml:50:17-76
226-->src/main/AndroidManifest.xml:50:27-73
227            </intent-filter>
228        </service> <!-- Needs to be explicitly declared on P+ -->
229        <uses-library
229-->[com.google.android.gms:play-services-maps:17.0.0] AndroidManifest.xml:33:9-35:40
230            android:name="org.apache.http.legacy"
230-->[com.google.android.gms:play-services-maps:17.0.0] AndroidManifest.xml:34:13-50
231            android:required="false" />
231-->[com.google.android.gms:play-services-maps:17.0.0] AndroidManifest.xml:35:13-37
232
233        <receiver
233-->[com.google.firebase:firebase-iid:21.0.0] AndroidManifest.xml:37:9-44:20
234            android:name="com.google.firebase.iid.FirebaseInstanceIdReceiver"
234-->[com.google.firebase:firebase-iid:21.0.0] AndroidManifest.xml:38:13-78
235            android:exported="true"
235-->[com.google.firebase:firebase-iid:21.0.0] AndroidManifest.xml:39:13-36
236            android:permission="com.google.android.c2dm.permission.SEND" >
236-->[com.google.firebase:firebase-iid:21.0.0] AndroidManifest.xml:40:13-73
237            <intent-filter>
237-->[com.google.firebase:firebase-iid:21.0.0] AndroidManifest.xml:41:13-43:29
238                <action android:name="com.google.android.c2dm.intent.RECEIVE" />
238-->[com.google.firebase:firebase-iid:21.0.0] AndroidManifest.xml:42:17-81
238-->[com.google.firebase:firebase-iid:21.0.0] AndroidManifest.xml:42:25-78
239            </intent-filter>
240        </receiver>
241
242        <activity
242-->[com.google.android.gms:play-services-base:17.2.1] AndroidManifest.xml:23:9-26:75
243            android:name="com.google.android.gms.common.api.GoogleApiActivity"
243-->[com.google.android.gms:play-services-base:17.2.1] AndroidManifest.xml:24:13-79
244            android:exported="false"
244-->[com.google.android.gms:play-services-base:17.2.1] AndroidManifest.xml:25:13-37
245            android:theme="@android:style/Theme.Translucent.NoTitleBar" />
245-->[com.google.android.gms:play-services-base:17.2.1] AndroidManifest.xml:26:13-72
246
247        <receiver
247-->[com.google.android.gms:play-services-measurement:18.0.0] AndroidManifest.xml:29:9-33:20
248            android:name="com.google.android.gms.measurement.AppMeasurementReceiver"
248-->[com.google.android.gms:play-services-measurement:18.0.0] AndroidManifest.xml:30:13-85
249            android:enabled="true"
249-->[com.google.android.gms:play-services-measurement:18.0.0] AndroidManifest.xml:31:13-35
250            android:exported="false" >
250-->[com.google.android.gms:play-services-measurement:18.0.0] AndroidManifest.xml:32:13-37
251        </receiver>
252
253        <service
253-->[com.google.android.gms:play-services-measurement:18.0.0] AndroidManifest.xml:35:9-38:40
254            android:name="com.google.android.gms.measurement.AppMeasurementService"
254-->[com.google.android.gms:play-services-measurement:18.0.0] AndroidManifest.xml:36:13-84
255            android:enabled="true"
255-->[com.google.android.gms:play-services-measurement:18.0.0] AndroidManifest.xml:37:13-35
256            android:exported="false" />
256-->[com.google.android.gms:play-services-measurement:18.0.0] AndroidManifest.xml:38:13-37
257        <service
257-->[com.google.android.gms:play-services-measurement:18.0.0] AndroidManifest.xml:39:9-43:72
258            android:name="com.google.android.gms.measurement.AppMeasurementJobService"
258-->[com.google.android.gms:play-services-measurement:18.0.0] AndroidManifest.xml:40:13-87
259            android:enabled="true"
259-->[com.google.android.gms:play-services-measurement:18.0.0] AndroidManifest.xml:41:13-35
260            android:exported="false"
260-->[com.google.android.gms:play-services-measurement:18.0.0] AndroidManifest.xml:42:13-37
261            android:permission="android.permission.BIND_JOB_SERVICE" />
261-->[com.google.android.gms:play-services-measurement:18.0.0] AndroidManifest.xml:43:13-69
262
263        <provider
263-->[com.google.firebase:firebase-common:19.4.0] AndroidManifest.xml:26:9-31:39
264            android:name="com.google.firebase.provider.FirebaseInitProvider"
264-->[com.google.firebase:firebase-common:19.4.0] AndroidManifest.xml:27:13-77
265            android:authorities="com.example.share_product_v2.firebaseinitprovider"
265-->[com.google.firebase:firebase-common:19.4.0] AndroidManifest.xml:28:13-72
266            android:directBootAware="true"
266-->[com.google.firebase:firebase-common:19.4.0] AndroidManifest.xml:29:13-43
267            android:exported="false"
267-->[com.google.firebase:firebase-common:19.4.0] AndroidManifest.xml:30:13-37
268            android:initOrder="100" />
268-->[com.google.firebase:firebase-common:19.4.0] AndroidManifest.xml:31:13-36
269
270        <meta-data
270-->[com.google.android.gms:play-services-basement:17.2.1] AndroidManifest.xml:23:9-25:69
271            android:name="com.google.android.gms.version"
271-->[com.google.android.gms:play-services-basement:17.2.1] AndroidManifest.xml:24:13-58
272            android:value="@integer/google_play_services_version" />
272-->[com.google.android.gms:play-services-basement:17.2.1] AndroidManifest.xml:25:13-66
273
274        <service
274-->[com.google.android.datatransport:transport-backend-cct:2.2.0] AndroidManifest.xml:29:9-35:19
275            android:name="com.google.android.datatransport.runtime.backends.TransportBackendDiscovery"
275-->[com.google.android.datatransport:transport-backend-cct:2.2.0] AndroidManifest.xml:30:13-103
276            android:exported="false" >
276-->[com.google.android.datatransport:transport-backend-cct:2.2.0] AndroidManifest.xml:31:13-37
277            <meta-data
277-->[com.google.android.datatransport:transport-backend-cct:2.2.0] AndroidManifest.xml:32:13-34:39
278                android:name="backend:com.google.android.datatransport.cct.CctBackendFactory"
278-->[com.google.android.datatransport:transport-backend-cct:2.2.0] AndroidManifest.xml:33:17-94
279                android:value="cct" />
279-->[com.google.android.datatransport:transport-backend-cct:2.2.0] AndroidManifest.xml:34:17-36
280        </service>
281        <service
281-->[com.google.android.datatransport:transport-runtime:2.2.0] AndroidManifest.xml:26:9-30:19
282            android:name="com.google.android.datatransport.runtime.scheduling.jobscheduling.JobInfoSchedulerService"
282-->[com.google.android.datatransport:transport-runtime:2.2.0] AndroidManifest.xml:27:13-117
283            android:exported="false"
283-->[com.google.android.datatransport:transport-runtime:2.2.0] AndroidManifest.xml:28:13-37
284            android:permission="android.permission.BIND_JOB_SERVICE" >
284-->[com.google.android.datatransport:transport-runtime:2.2.0] AndroidManifest.xml:29:13-69
285        </service>
286
287        <receiver
287-->[com.google.android.datatransport:transport-runtime:2.2.0] AndroidManifest.xml:32:9-34:40
288            android:name="com.google.android.datatransport.runtime.scheduling.jobscheduling.AlarmManagerSchedulerBroadcastReceiver"
288-->[com.google.android.datatransport:transport-runtime:2.2.0] AndroidManifest.xml:33:13-132
289            android:exported="false" />
289-->[com.google.android.datatransport:transport-runtime:2.2.0] AndroidManifest.xml:34:13-37
290    </application>
291
292</manifest>